[2022-06-20 18:39:06,840] INFO: Trainer initialization: run directory is /media/hp/01D576CEBCC511F0/Pytorch/Power-Line-Segmentation/UNet++/models/ABC
[2022-06-20 18:39:06,868] INFO: Config /media/hp/01D576CEBCC511F0/Pytorch/Power-Line-Segmentation/UNet++/configs/test.yml copied to run directory.
[2022-06-20 18:39:06,964] INFO: Using cuda device, nb_device is 1
[2022-06-20 18:39:06,973] INFO: Dataset TTPLA_Test instantiated with {'restricted_labels': [1], 'img_size': [640, 360], 'data_augmentation': True, 'blur_radius_range': [0.2, 2], 'brightness_factor_range': [0.9, 1.1], 'contrast_factor_range': [0.5, 2], 'rotation_angle_range': [-10, 10], 'sampling_ratio_range': [1, 1], 'sampling_max_nb_pixels': 3500000.0}
[2022-06-20 18:39:06,973] INFO: Found 2 classes, 10 train samples, 10 val samples
[2022-06-20 18:39:06,974] INFO: Dataloaders instantiated with batch_size=1 and n_worker=0
[2022-06-20 18:39:43,663] INFO: Using model resnet34-unet++ with kwargs {'norm_layer': {'name': 'batch_norm', 'momentum': 0.1, 'affine': True, 'track_running_stats': True, 'num_groups': 32}}
[2022-06-20 18:39:43,676] INFO: Number of trainable parameters: 26,611,268
[2022-06-20 18:39:43,680] INFO: Using optimizer adam with kwargs {'lr': 0.001, 'weight_decay': 1e-06}
[2022-06-20 18:39:43,681] INFO: Using scheduler multi_step with parameters {'gamma': 0.5, 'milestones': [30, 60, 80]}
[2022-06-20 18:39:43,723] INFO: Using loss CrossEntropyLoss() with class weight [1.2184e-09, 5.5866e-08]
[2022-06-20 18:39:43,723] INFO: Loading model from run ABC
[2022-06-20 18:39:53,834] INFO: Checkpoint loaded at epoch 2, batch 11
[2022-06-20 18:39:59,117] INFO: Training run is over !
[2022-06-20 18:41:20,777] INFO: Trainer initialization: run directory is /media/hp/01D576CEBCC511F0/Pytorch/Power-Line-Segmentation/UNet++/models/ABC
[2022-06-20 18:41:20,809] INFO: Config /media/hp/01D576CEBCC511F0/Pytorch/Power-Line-Segmentation/UNet++/configs/test.yml copied to run directory.
[2022-06-20 18:41:20,910] INFO: Using cuda device, nb_device is 1
[2022-06-20 18:41:21,010] INFO: Dataset TTPLA_Test instantiated with {'restricted_labels': [1], 'img_size': [640, 360], 'data_augmentation': True, 'blur_radius_range': [0.2, 2], 'brightness_factor_range': [0.9, 1.1], 'contrast_factor_range': [0.5, 2], 'rotation_angle_range': [-10, 10], 'sampling_ratio_range': [1, 1], 'sampling_max_nb_pixels': 3500000.0}
[2022-06-20 18:41:21,017] INFO: Found 2 classes, 10 train samples, 10 val samples
[2022-06-20 18:41:21,023] INFO: Dataloaders instantiated with batch_size=1 and n_worker=0
[2022-06-20 18:41:50,219] INFO: Using model resnet34-unet++ with kwargs {'norm_layer': {'name': 'batch_norm', 'momentum': 0.1, 'affine': True, 'track_running_stats': True, 'num_groups': 32}}
[2022-06-20 18:41:50,265] INFO: Number of trainable parameters: 26,611,268
[2022-06-20 18:41:50,286] INFO: Using optimizer adam with kwargs {'lr': 0.001, 'weight_decay': 1e-06}
[2022-06-20 18:41:50,287] INFO: Using scheduler multi_step with parameters {'gamma': 0.5, 'milestones': [30, 60, 80]}
[2022-06-20 18:41:50,331] INFO: Using loss CrossEntropyLoss() with class weight [1.2184e-09, 5.5866e-08]
[2022-06-20 18:41:57,333] INFO: Epoch [1/2], Iter [5/10]: train_loss = 0.6607, time/img = 0.5256s
[2022-06-20 18:42:03,985] INFO: Epoch [1/2], Iter [5/10]: val_loss = 4.9124
[2022-06-20 18:42:04,032] INFO: Val metrics: overall_acc = 0.9822, avg_acc = 0.5151, weighted_mean_iou = 0.9657, avg_iou = 0.5058, iou_class_0 = 0.9822, iou_class_1 = 0.0294
[2022-06-20 18:42:04,069] INFO: Validation loss decreased ( inf --->  4.912444). Saving model ...
[2022-06-20 18:42:14,856] INFO: Epoch [1/2], Iter [10/10]: train_loss = 0.5781, time/img = 0.2427s
[2022-06-20 18:42:20,676] INFO: Epoch [1/2], Iter [10/10]: val_loss = 1.7036
[2022-06-20 18:42:20,677] INFO: Val metrics: overall_acc = 0.9676, avg_acc = 0.5880, weighted_mean_iou = 0.9525, avg_iou = 0.5308, iou_class_0 = 0.9675, iou_class_1 = 0.0942
[2022-06-20 18:42:20,721] INFO: Validation loss decreased ( 4.912444 --->  1.703594). Saving model ...
[2022-06-20 18:42:23,847] INFO: Epoch [1/2], Iter [1/10]: LR updated, lr = [0.001]
[2022-06-20 18:42:29,763] INFO: Epoch [2/2], Iter [5/10]: train_loss = 0.4696, time/img = 0.1737s
[2022-06-20 18:42:34,216] INFO: Epoch [2/2], Iter [5/10]: val_loss = 3.6429
[2022-06-20 18:42:34,216] INFO: Val metrics: overall_acc = 0.9730, avg_acc = 0.5652, weighted_mean_iou = 0.9575, avg_iou = 0.5282, iou_class_0 = 0.9729, iou_class_1 = 0.0836
[2022-06-20 18:42:34,218] INFO: EarlyStopping counter: 1 out of 5
[2022-06-20 18:42:39,306] INFO: Epoch [2/2], Iter [10/10]: train_loss = 0.4987, time/img = 0.1800s
[2022-06-20 18:42:43,522] INFO: Epoch [2/2], Iter [10/10]: val_loss = 1.2324
[2022-06-20 18:42:43,578] INFO: Val metrics: overall_acc = 0.8910, avg_acc = 0.6617, weighted_mean_iou = 0.8759, avg_iou = 0.4766, iou_class_0 = 0.8902, iou_class_1 = 0.0630
[2022-06-20 18:42:43,613] INFO: Validation loss decreased ( 1.703594 --->  1.232405). Saving model ...
[2022-06-20 18:42:47,044] INFO: Training run is over !
[2022-06-20 19:05:57,099] INFO: Trainer initialization: run directory is /media/hp/01D576CEBCC511F0/Pytorch/Power-Line-Segmentation/UNet++/models/ABC
[2022-06-20 19:05:57,102] INFO: Config /media/hp/01D576CEBCC511F0/Pytorch/Power-Line-Segmentation/UNet++/configs/test.yml copied to run directory.
[2022-06-20 19:05:57,195] INFO: Using cuda device, nb_device is 1
[2022-06-20 19:05:57,205] INFO: Dataset TTPLA_Test instantiated with {'restricted_labels': [1], 'img_size': [640, 360], 'data_distribution': {'mean': [0.4616, 0.4506, 0.4154], 'std': [0.2368, 0.2339, 0.2415]}, 'data_augmentation': True, 'blur_radius_range': [0.2, 2], 'brightness_factor_range': [0.9, 1.1], 'contrast_factor_range': [0.5, 2], 'rotation_angle_range': [-10, 10], 'sampling_ratio_range': [1, 1], 'sampling_max_nb_pixels': 3500000.0}
[2022-06-20 19:05:57,205] INFO: Found 2 classes, 10 train samples, 10 val samples
[2022-06-20 19:05:57,206] INFO: Dataloaders instantiated with batch_size=1 and n_worker=0
[2022-06-20 19:06:17,052] INFO: Using model resnet34-unet++ with kwargs {'norm_layer': {'name': 'batch_norm', 'momentum': 0.1, 'affine': True, 'track_running_stats': True, 'num_groups': 32}}
[2022-06-20 19:06:17,066] INFO: Number of trainable parameters: 26,611,268
[2022-06-20 19:06:17,067] INFO: Using optimizer adam with kwargs {'lr': 0.001, 'weight_decay': 1e-06}
[2022-06-20 19:06:17,068] INFO: Using scheduler multi_step with parameters {'gamma': 0.5, 'milestones': [30, 60, 80]}
[2022-06-20 19:06:17,082] INFO: Using loss CrossEntropyLoss() with class weight [1.2184e-09, 5.5866e-08]
[2022-06-20 19:06:23,466] INFO: Epoch [1/2], Iter [5/10]: train_loss = 0.6345, time/img = 0.3550s
[2022-06-20 19:06:28,379] INFO: Epoch [1/2], Iter [5/10]: val_loss = 0.6931
[2022-06-20 19:06:28,379] INFO: Val metrics: overall_acc = 0.9827, avg_acc = 0.5000, weighted_mean_iou = 0.9658, avg_iou = 0.4914, iou_class_0 = 0.9827, iou_class_1 = 0.0000
[2022-06-20 19:06:28,381] INFO: Validation loss decreased ( inf --->  0.693147). Saving model ...
[2022-06-20 19:06:34,939] INFO: Epoch [1/2], Iter [10/10]: train_loss = 0.5523, time/img = 0.1750s
[2022-06-20 19:06:39,688] INFO: Epoch [1/2], Iter [10/10]: val_loss = 0.6932
[2022-06-20 19:06:39,689] INFO: Val metrics: overall_acc = 0.9826, avg_acc = 0.5000, weighted_mean_iou = 0.9657, avg_iou = 0.4913, iou_class_0 = 0.9826, iou_class_1 = 0.0000
[2022-06-20 19:06:39,691] INFO: EarlyStopping counter: 1 out of 5
[2022-06-20 19:06:39,691] INFO: Epoch [1/2], Iter [1/10]: LR updated, lr = [0.001]
[2022-06-20 19:06:43,334] INFO: Epoch [2/2], Iter [5/10]: train_loss = 0.4863, time/img = 0.1742s
[2022-06-20 19:06:46,558] INFO: Epoch [2/2], Iter [5/10]: val_loss = 0.6377
[2022-06-20 19:06:46,559] INFO: Val metrics: overall_acc = 0.7649, avg_acc = 0.7129, weighted_mean_iou = 0.7498, avg_iou = 0.4042, iou_class_0 = 0.7622, iou_class_1 = 0.0462
[2022-06-20 19:06:46,560] INFO: Validation loss decreased ( 0.693147 --->  0.637712). Saving model ...
[2022-06-20 19:06:55,006] INFO: Epoch [2/2], Iter [10/10]: train_loss = 0.4862, time/img = 0.1747s
[2022-06-20 19:06:58,368] INFO: Epoch [2/2], Iter [10/10]: val_loss = 0.5947
[2022-06-20 19:06:58,466] INFO: Val metrics: overall_acc = 0.8635, avg_acc = 0.6508, weighted_mean_iou = 0.8485, avg_iou = 0.4571, iou_class_0 = 0.8625, iou_class_1 = 0.0516
[2022-06-20 19:06:58,475] INFO: Validation loss decreased ( 0.637712 --->  0.594665). Saving model ...
[2022-06-20 19:07:00,903] INFO: Training run is over !
[2022-06-20 20:21:21,683] INFO: Trainer initialization: run directory is /media/hp/01D576CEBCC511F0/Pytorch/Power-Line-Segmentation/UNet++/models/ABC
[2022-06-20 20:21:21,883] INFO: Config /media/hp/01D576CEBCC511F0/Pytorch/Power-Line-Segmentation/UNet++/configs/test.yml copied to run directory.
[2022-06-20 20:21:21,989] INFO: Using cuda device, nb_device is 1
[2022-06-20 20:21:21,998] INFO: Dataset TTPLA_Test instantiated with {'restricted_labels': [1], 'img_size': [640, 360], 'data_distribution': {'mean': [0.4616, 0.4506, 0.4154], 'std': [0.2368, 0.2339, 0.2415]}, 'data_augmentation': True, 'blur_radius_range': [0.2, 2], 'brightness_factor_range': [0.9, 1.1], 'contrast_factor_range': [0.5, 2], 'rotation_angle_range': [-10, 10], 'sampling_ratio_range': [1, 1], 'sampling_max_nb_pixels': 3500000.0}
[2022-06-20 20:21:21,998] INFO: Found 2 classes, 10 train samples, 10 val samples
[2022-06-20 20:21:22,000] INFO: Dataloaders instantiated with batch_size=1 and n_worker=0
[2022-06-20 20:21:42,102] INFO: Using model resnet34-unet++ with kwargs {'norm_layer': {'name': 'batch_norm', 'momentum': 0.1, 'affine': True, 'track_running_stats': True, 'num_groups': 32}}
[2022-06-20 20:21:42,108] INFO: Number of trainable parameters: 26,611,268
[2022-06-20 20:21:42,110] INFO: Using optimizer adam with kwargs {'lr': 0.001, 'weight_decay': 1e-06}
[2022-06-20 20:21:42,112] INFO: Using scheduler multi_step with parameters {'gamma': 0.5, 'milestones': [30, 60, 80]}
[2022-06-20 20:21:42,118] INFO: Using loss CrossEntropyLoss() with class weight [1.2184e-09, 5.5866e-08]
[2022-06-20 20:21:50,310] INFO: Epoch [1/2], Iter [5/10]: train_loss = 0.6703, time/img = 0.5104s
[2022-06-20 20:21:56,694] INFO: Epoch [1/2], Iter [5/10]: val_loss = 0.7769
[2022-06-20 20:21:56,741] INFO: Val metrics: overall_acc = 0.9827, avg_acc = 0.5000, weighted_mean_iou = 0.9658, avg_iou = 0.4914, iou_class_0 = 0.9827, iou_class_1 = 0.0000
[2022-06-20 20:21:56,752] INFO: Validation loss decreased ( inf --->  0.776898). Saving model ...
[2022-06-20 20:22:29,546] INFO: Epoch [1/2], Iter [10/10]: train_loss = 0.5415, time/img = 0.4420s
[2022-06-20 20:22:36,488] INFO: Epoch [1/2], Iter [10/10]: val_loss = 0.6931
[2022-06-20 20:22:36,501] INFO: Val metrics: overall_acc = 0.9824, avg_acc = 0.5004, weighted_mean_iou = 0.9654, avg_iou = 0.4917, iou_class_0 = 0.9823, iou_class_1 = 0.0011
[2022-06-20 20:22:36,516] INFO: Validation loss decreased ( 0.776898 --->  0.693133). Saving model ...
[2022-06-20 20:22:51,176] INFO: Epoch [1/2], Iter [1/10]: LR updated, lr = [0.001]
[2022-06-20 20:22:55,199] INFO: Epoch [2/2], Iter [5/10]: train_loss = 0.4446, time/img = 0.2363s
[2022-06-20 20:23:01,909] INFO: Epoch [2/2], Iter [5/10]: val_loss = 0.7200
[2022-06-20 20:23:01,913] INFO: Val metrics: overall_acc = 0.8318, avg_acc = 0.5775, weighted_mean_iou = 0.8171, avg_iou = 0.4311, iou_class_0 = 0.8309, iou_class_1 = 0.0312
[2022-06-20 20:23:01,916] INFO: EarlyStopping counter: 1 out of 5
[2022-06-20 20:23:05,878] INFO: Epoch [2/2], Iter [10/10]: train_loss = 0.5129, time/img = 0.2439s
[2022-06-20 20:23:10,630] INFO: Epoch [2/2], Iter [10/10]: val_loss = 0.7076
[2022-06-20 20:23:10,659] INFO: Val metrics: overall_acc = 0.6889, avg_acc = 0.7455, weighted_mean_iou = 0.6734, avg_iou = 0.3636, iou_class_0 = 0.6845, iou_class_1 = 0.0427
[2022-06-20 20:23:10,663] INFO: EarlyStopping counter: 2 out of 5
[2022-06-20 20:23:10,666] INFO: Training run is over !
[2022-06-20 20:36:08,031] INFO: Trainer initialization: run directory is /media/hp/01D576CEBCC511F0/Pytorch/Power-Line-Segmentation/UNet++/models/ABC
[2022-06-20 20:36:08,039] INFO: Config /media/hp/01D576CEBCC511F0/Pytorch/Power-Line-Segmentation/UNet++/configs/test.yml copied to run directory.
[2022-06-20 20:36:08,127] INFO: Using cuda device, nb_device is 1
[2022-06-20 20:36:08,159] INFO: Dataset TTPLA_Test instantiated with {'restricted_labels': [1], 'img_size': [640, 360], 'data_distribution': {'mean': [0.4616, 0.4506, 0.4154], 'std': [0.2368, 0.2339, 0.2415]}, 'data_augmentation': True, 'blur_radius_range': [0.2, 2], 'brightness_factor_range': [0.9, 1.1], 'contrast_factor_range': [0.5, 2], 'rotation_angle_range': [-10, 10], 'sampling_ratio_range': [1, 1], 'sampling_max_nb_pixels': 3500000.0}
[2022-06-20 20:36:08,159] INFO: Found 2 classes, 10 train samples, 10 val samples
[2022-06-20 20:36:08,161] INFO: Dataloaders instantiated with batch_size=1 and n_worker=0
[2022-06-20 20:36:29,472] INFO: Using model resnet34-unet++ with kwargs {'norm_layer': {'name': 'batch_norm', 'momentum': 0.1, 'affine': True, 'track_running_stats': True, 'num_groups': 32}}
[2022-06-20 20:36:29,537] INFO: Number of trainable parameters: 26,611,268
[2022-06-20 20:36:29,565] INFO: Using optimizer adam with kwargs {'lr': 0.001, 'weight_decay': 1e-06}
[2022-06-20 20:36:29,575] INFO: Using scheduler multi_step with parameters {'gamma': 0.5, 'milestones': [30, 60, 80]}
[2022-06-20 20:36:29,593] INFO: Using loss CrossEntropyLoss() with class weight [1.2184e-09, 5.5866e-08]
[2022-06-20 20:36:36,054] INFO: Epoch [1/2], Iter [5/10]: train_loss = 0.6045, time/img = 0.5266s
[2022-06-20 20:36:42,001] INFO: Epoch [1/2], Iter [5/10]: val_loss = 0.6680
[2022-06-20 20:36:42,110] INFO: Val metrics: overall_acc = 0.9348, avg_acc = 0.5725, weighted_mean_iou = 0.9193, avg_iou = 0.4921, iou_class_0 = 0.9346, iou_class_1 = 0.0496
[2022-06-20 20:36:42,192] INFO: Validation loss decreased ( inf --->  0.668005). Saving model ...
[2022-06-20 20:37:02,622] INFO: Epoch [1/2], Iter [10/10]: train_loss = 0.5716, time/img = 0.4119s
[2022-06-20 20:37:08,948] INFO: Epoch [1/2], Iter [10/10]: val_loss = 1.3737
[2022-06-20 20:37:08,948] INFO: Val metrics: overall_acc = 0.5546, avg_acc = 0.6643, weighted_mean_iou = 0.5396, avg_iou = 0.2889, iou_class_0 = 0.5485, iou_class_1 = 0.0293
[2022-06-20 20:37:08,957] INFO: EarlyStopping counter: 1 out of 5
[2022-06-20 20:37:08,974] INFO: Epoch [1/2], Iter [1/10]: LR updated, lr = [0.001]
[2022-06-20 20:37:12,334] INFO: Epoch [2/2], Iter [5/10]: train_loss = 0.4766, time/img = 0.1784s
[2022-06-20 20:37:16,737] INFO: Epoch [2/2], Iter [5/10]: val_loss = 0.5909
[2022-06-20 20:37:16,740] INFO: Val metrics: overall_acc = 0.9490, avg_acc = 0.7094, weighted_mean_iou = 0.9345, avg_iou = 0.5418, iou_class_0 = 0.9486, iou_class_1 = 0.1350
[2022-06-20 20:37:16,742] INFO: Validation loss decreased ( 0.668005 --->  0.590894). Saving model ...
[2022-06-20 20:37:43,854] INFO: Epoch [2/2], Iter [10/10]: train_loss = 0.4886, time/img = 0.6507s
[2022-06-20 20:37:51,206] INFO: Epoch [2/2], Iter [10/10]: val_loss = 0.6352
[2022-06-20 20:37:51,220] INFO: Val metrics: overall_acc = 0.9775, avg_acc = 0.5672, weighted_mean_iou = 0.9623, avg_iou = 0.5380, iou_class_0 = 0.9775, iou_class_1 = 0.0986
[2022-06-20 20:37:51,274] INFO: EarlyStopping counter: 1 out of 5
[2022-06-20 20:37:51,287] INFO: Training run is over !
[2022-06-20 20:57:03,577] INFO: Trainer initialization: run directory is /media/hp/01D576CEBCC511F0/Pytorch/Power-Line-Segmentation/UNet++/models/ABC
[2022-06-20 20:57:03,645] INFO: Config /media/hp/01D576CEBCC511F0/Pytorch/Power-Line-Segmentation/UNet++/configs/test.yml copied to run directory.
[2022-06-20 20:57:03,730] INFO: Using cuda device, nb_device is 1
[2022-06-20 20:57:03,738] INFO: Dataset TTPLA_Test instantiated with {'restricted_labels': [1], 'img_size': [640, 360], 'data_distribution': {'mean': [0.4616, 0.4506, 0.4154], 'std': [0.2368, 0.2339, 0.2415]}, 'data_augmentation': True, 'blur_radius_range': [0.2, 2], 'brightness_factor_range': [0.9, 1.1], 'contrast_factor_range': [0.5, 2], 'rotation_angle_range': [-10, 10], 'sampling_ratio_range': [1, 1], 'sampling_max_nb_pixels': 3500000.0}
[2022-06-20 20:57:03,738] INFO: Found 2 classes, 10 train samples, 10 val samples
[2022-06-20 20:57:03,740] INFO: Dataloaders instantiated with batch_size=1 and n_worker=0
[2022-06-20 20:57:25,368] INFO: Using model resnet34-unet++ with kwargs {'norm_layer': {'name': 'batch_norm', 'momentum': 0.1, 'affine': True, 'track_running_stats': True, 'num_groups': 32}}
[2022-06-20 20:57:25,378] INFO: Number of trainable parameters: 26,611,268
[2022-06-20 20:57:25,382] INFO: Using optimizer adam with kwargs {'lr': 0.001, 'weight_decay': 1e-06}
[2022-06-20 20:57:25,384] INFO: Using scheduler multi_step with parameters {'gamma': 0.5, 'milestones': [30, 60, 80]}
[2022-06-20 20:57:25,431] INFO: Using loss CrossEntropyLoss() with class weight [1.2184e-09, 5.5866e-08]
[2022-06-20 20:58:01,094] INFO: Epoch [1/2], Iter [5/10]: train_loss = 0.7039, time/img = 5.7370s
[2022-06-20 20:58:07,797] INFO: Epoch [1/2], Iter [5/10]: val_loss = 0.6697
[2022-06-20 20:58:07,837] INFO: Val metrics: overall_acc = 0.9395, avg_acc = 0.6263, weighted_mean_iou = 0.9243, avg_iou = 0.5092, iou_class_0 = 0.9391, iou_class_1 = 0.0793
[2022-06-20 20:58:07,846] INFO: Validation loss decreased ( inf --->  0.669655). Saving model ...
[2022-06-20 20:58:30,453] INFO: Epoch [1/2], Iter [10/10]: train_loss = 0.5738, time/img = 0.1865s
[2022-06-20 20:58:36,969] INFO: Epoch [1/2], Iter [10/10]: val_loss = 0.6696
[2022-06-20 20:58:36,982] INFO: Val metrics: overall_acc = 0.9752, avg_acc = 0.5610, weighted_mean_iou = 0.9597, avg_iou = 0.5296, iou_class_0 = 0.9751, iou_class_1 = 0.0840
[2022-06-20 20:58:36,997] INFO: Validation loss decreased ( 0.669655 --->  0.669635). Saving model ...
[2022-06-20 20:58:52,420] INFO: Epoch [1/2], Iter [1/10]: LR updated, lr = [0.001]
[2022-06-20 20:58:56,442] INFO: Epoch [2/2], Iter [5/10]: train_loss = 0.4897, time/img = 0.1819s
[2022-06-20 20:59:03,683] INFO: Epoch [2/2], Iter [5/10]: val_loss = 0.6375
[2022-06-20 20:59:03,692] INFO: Val metrics: overall_acc = 0.8753, avg_acc = 0.6079, weighted_mean_iou = 0.8602, avg_iou = 0.4592, iou_class_0 = 0.8746, iou_class_1 = 0.0438
[2022-06-20 20:59:03,696] INFO: Validation loss decreased ( 0.669635 --->  0.637537). Saving model ...
[2022-06-20 20:59:29,694] INFO: Epoch [2/2], Iter [10/10]: train_loss = 0.4813, time/img = 0.1787s
[2022-06-20 20:59:36,005] INFO: Epoch [2/2], Iter [10/10]: val_loss = 0.6393
[2022-06-20 20:59:36,008] INFO: Val metrics: overall_acc = 0.8846, avg_acc = 0.6423, weighted_mean_iou = 0.8695, avg_iou = 0.4695, iou_class_0 = 0.8838, iou_class_1 = 0.0553
[2022-06-20 20:59:36,010] INFO: EarlyStopping counter: 1 out of 5
[2022-06-20 20:59:36,020] INFO: Training run is over !
[2022-06-20 21:04:14,854] INFO: Trainer initialization: run directory is /media/hp/01D576CEBCC511F0/Pytorch/Power-Line-Segmentation/UNet++/models/ABC
[2022-06-20 21:04:14,864] INFO: Config /media/hp/01D576CEBCC511F0/Pytorch/Power-Line-Segmentation/UNet++/configs/test.yml copied to run directory.
[2022-06-20 21:04:14,965] INFO: Using cuda device, nb_device is 1
[2022-06-20 21:04:14,973] INFO: Dataset TTPLA_Test instantiated with {'restricted_labels': [1], 'img_size': [640, 360], 'data_distribution': {'mean': [0.4616, 0.4506, 0.4154], 'std': [0.2368, 0.2339, 0.2415]}, 'data_augmentation': True, 'blur_radius_range': [0.2, 2], 'brightness_factor_range': [0.9, 1.1], 'contrast_factor_range': [0.5, 2], 'rotation_angle_range': [-10, 10], 'sampling_ratio_range': [1, 1], 'sampling_max_nb_pixels': 3500000.0}
[2022-06-20 21:04:14,973] INFO: Found 2 classes, 10 train samples, 10 val samples
[2022-06-20 21:04:14,974] INFO: Dataloaders instantiated with batch_size=1 and n_worker=0
[2022-06-20 21:05:12,556] INFO: Trainer initialization: run directory is /media/hp/01D576CEBCC511F0/Pytorch/Power-Line-Segmentation/UNet++/models/ABC
[2022-06-20 21:05:12,607] INFO: Config /media/hp/01D576CEBCC511F0/Pytorch/Power-Line-Segmentation/UNet++/configs/test.yml copied to run directory.
[2022-06-20 21:05:12,697] INFO: Using cuda device, nb_device is 1
[2022-06-20 21:05:12,706] INFO: Dataset TTPLA_Test instantiated with {'restricted_labels': [1], 'img_size': [640, 360], 'data_distribution': {'mean': [0.4616, 0.4506, 0.4154], 'std': [0.2368, 0.2339, 0.2415]}, 'data_augmentation': True, 'blur_radius_range': [0.2, 2], 'brightness_factor_range': [0.9, 1.1], 'contrast_factor_range': [0.5, 2], 'rotation_angle_range': [-10, 10], 'sampling_ratio_range': [1, 1], 'sampling_max_nb_pixels': 3500000.0}
[2022-06-20 21:05:12,738] INFO: Found 2 classes, 10 train samples, 10 val samples
[2022-06-20 21:05:12,743] INFO: Dataloaders instantiated with batch_size=1 and n_worker=0
[2022-06-20 21:06:28,132] INFO: Trainer initialization: run directory is /media/hp/01D576CEBCC511F0/Pytorch/Power-Line-Segmentation/UNet++/models/ABC
[2022-06-20 21:06:28,176] INFO: Config /media/hp/01D576CEBCC511F0/Pytorch/Power-Line-Segmentation/UNet++/configs/test.yml copied to run directory.
[2022-06-20 21:06:28,269] INFO: Using cuda device, nb_device is 1
[2022-06-20 21:06:28,277] INFO: Dataset TTPLA_Test instantiated with {'restricted_labels': [1], 'img_size': [640, 360], 'data_distribution': {'mean': [0.4616, 0.4506, 0.4154], 'std': [0.2368, 0.2339, 0.2415]}, 'data_augmentation': True, 'blur_radius_range': [0.2, 2], 'brightness_factor_range': [0.9, 1.1], 'contrast_factor_range': [0.5, 2], 'rotation_angle_range': [-10, 10], 'sampling_ratio_range': [1, 1], 'sampling_max_nb_pixels': 3500000.0}
[2022-06-20 21:06:28,277] INFO: Found 2 classes, 10 train samples, 10 val samples
[2022-06-20 21:06:28,279] INFO: Dataloaders instantiated with batch_size=1 and n_worker=0
[2022-06-20 21:10:20,332] INFO: Trainer initialization: run directory is /media/hp/01D576CEBCC511F0/Pytorch/Power-Line-Segmentation/UNet++/models/ABC
[2022-06-20 21:10:20,333] INFO: Config /media/hp/01D576CEBCC511F0/Pytorch/Power-Line-Segmentation/UNet++/configs/test.yml copied to run directory.
[2022-06-20 21:10:20,376] INFO: Using cuda device, nb_device is 1
[2022-06-20 21:10:20,384] INFO: Dataset TTPLA_Test instantiated with {'restricted_labels': [1], 'img_size': [640, 360], 'data_distribution': {'mean': [0.4616, 0.4506, 0.4154], 'std': [0.2368, 0.2339, 0.2415]}, 'data_augmentation': True, 'blur_radius_range': [0.2, 2], 'brightness_factor_range': [0.9, 1.1], 'contrast_factor_range': [0.5, 2], 'rotation_angle_range': [-10, 10], 'sampling_ratio_range': [1, 1], 'sampling_max_nb_pixels': 3500000.0}
[2022-06-20 21:10:20,384] INFO: Found 2 classes, 10 train samples, 10 val samples
[2022-06-20 21:10:20,385] INFO: Dataloaders instantiated with batch_size=1 and n_worker=0
[2022-06-20 21:10:35,515] INFO: Using model resnet34-unet++ with kwargs {'norm_layer': {'name': 'batch_norm', 'momentum': 0.1, 'affine': True, 'track_running_stats': True, 'num_groups': 32}}
[2022-06-20 21:10:35,531] INFO: Number of trainable parameters: 26,611,268
[2022-06-20 21:10:35,535] INFO: Using optimizer adam with kwargs {'lr': 0.001, 'weight_decay': 1e-06}
[2022-06-20 21:10:35,538] INFO: Using scheduler multi_step with parameters {'gamma': 0.5, 'milestones': [30, 60, 80]}
[2022-06-20 21:10:35,567] INFO: Using loss CrossEntropyLoss() with class weight [1.2184e-09, 5.5866e-08]
[2022-06-20 21:10:41,699] INFO: Epoch [1/2], Iter [5/10]: train_loss = 0.6633, time/img = 0.4302s
[2022-06-20 21:10:45,656] INFO: Epoch [1/2], Iter [5/10]: val_loss = 0.6615
[2022-06-20 21:10:45,719] INFO: Val metrics: overall_acc = 0.9798, avg_acc = 0.5882, weighted_mean_iou = 0.9651, avg_iou = 0.5573, iou_class_0 = 0.9797, iou_class_1 = 0.1348
[2022-06-20 21:10:45,726] INFO: Validation loss decreased ( inf --->  0.661533). Saving model ...
[2022-06-20 21:10:54,010] INFO: Epoch [1/2], Iter [10/10]: train_loss = 0.5822, time/img = 0.1771s
[2022-06-20 21:10:58,494] INFO: Epoch [1/2], Iter [10/10]: val_loss = 0.6207
[2022-06-20 21:10:58,495] INFO: Val metrics: overall_acc = 0.9797, avg_acc = 0.5668, weighted_mean_iou = 0.9645, avg_iou = 0.5427, iou_class_0 = 0.9796, iou_class_1 = 0.1058
[2022-06-20 21:10:58,496] INFO: Validation loss decreased ( 0.661533 --->  0.620750). Saving model ...
[2022-06-20 21:11:02,417] INFO: Epoch [1/2], Iter [1/10]: LR updated, lr = [0.001]
[2022-06-20 21:11:07,878] INFO: Epoch [2/2], Iter [5/10]: train_loss = 0.4673, time/img = 0.2783s
[2022-06-20 21:11:12,266] INFO: Epoch [2/2], Iter [5/10]: val_loss = 0.5867
[2022-06-20 21:11:12,266] INFO: Val metrics: overall_acc = 0.9240, avg_acc = 0.6972, weighted_mean_iou = 0.9090, avg_iou = 0.5092, iou_class_0 = 0.9233, iou_class_1 = 0.0950
[2022-06-20 21:11:12,366] INFO: Validation loss decreased ( 0.620750 --->  0.586665). Saving model ...
[2022-06-20 21:11:20,973] INFO: Epoch [2/2], Iter [10/10]: train_loss = 0.4903, time/img = 0.1768s
[2022-06-20 21:11:25,107] INFO: Epoch [2/2], Iter [10/10]: val_loss = 0.6012
[2022-06-20 21:11:25,108] INFO: Val metrics: overall_acc = 0.8268, avg_acc = 0.7307, weighted_mean_iou = 0.8117, avg_iou = 0.4421, iou_class_0 = 0.8249, iou_class_1 = 0.0592
[2022-06-20 21:11:25,109] INFO: EarlyStopping counter: 1 out of 5
[2022-06-20 21:11:25,110] INFO: Training run is over !
[2022-06-21 09:37:36,473] INFO: Trainer initialization: run directory is /media/hp/01D576CEBCC511F0/Pytorch/Power-Line-Segmentation/UNet++/models/ABC
[2022-06-21 09:37:36,492] INFO: Config /media/hp/01D576CEBCC511F0/Pytorch/Power-Line-Segmentation/UNet++/configs/test.yml copied to run directory.
[2022-06-21 09:37:36,578] INFO: Using cuda device, nb_device is 1
[2022-06-21 09:37:36,587] INFO: Dataset TTPLA_Test instantiated with {'restricted_labels': [1], 'img_size': [640, 360], 'data_distribution': {'mean': [0.4616, 0.4506, 0.4154], 'std': [0.2368, 0.2339, 0.2415]}, 'data_augmentation': True, 'blur_radius_range': [0.2, 2], 'brightness_factor_range': [0.9, 1.1], 'contrast_factor_range': [0.5, 2], 'rotation_angle_range': [-10, 10], 'sampling_ratio_range': [1, 1], 'sampling_max_nb_pixels': 3500000.0}
[2022-06-21 09:37:36,587] INFO: Found 2 classes, 10 train samples, 10 val samples
[2022-06-21 09:37:36,588] INFO: Dataloaders instantiated with batch_size=1 and n_worker=0
[2022-06-21 09:38:30,006] INFO: Trainer initialization: run directory is /media/hp/01D576CEBCC511F0/Pytorch/Power-Line-Segmentation/UNet++/models/ABC
[2022-06-21 09:38:30,007] INFO: Config /media/hp/01D576CEBCC511F0/Pytorch/Power-Line-Segmentation/UNet++/configs/test.yml copied to run directory.
[2022-06-21 09:38:30,051] INFO: Using cuda device, nb_device is 1
[2022-06-21 09:38:30,057] INFO: Dataset TTPLA_Test instantiated with {'restricted_labels': [1], 'img_size': [640, 360], 'data_distribution': {'mean': [0.4616, 0.4506, 0.4154], 'std': [0.2368, 0.2339, 0.2415]}, 'data_augmentation': True, 'blur_radius_range': [0.2, 2], 'brightness_factor_range': [0.9, 1.1], 'contrast_factor_range': [0.5, 2], 'rotation_angle_range': [-10, 10], 'sampling_ratio_range': [1, 1], 'sampling_max_nb_pixels': 3500000.0}
[2022-06-21 09:38:30,057] INFO: Found 2 classes, 10 train samples, 10 val samples
[2022-06-21 09:38:30,059] INFO: Dataloaders instantiated with batch_size=1 and n_worker=0
[2022-06-21 10:03:44,590] INFO: Trainer initialization: run directory is /media/hp/01D576CEBCC511F0/Pytorch/Power-Line-Segmentation/UNet++/models/ABC
[2022-06-21 10:03:44,732] INFO: Config /media/hp/01D576CEBCC511F0/Pytorch/Power-Line-Segmentation/UNet++/configs/test.yml copied to run directory.
[2022-06-21 10:03:44,868] INFO: Using cuda device, nb_device is 1
[2022-06-21 10:03:44,878] INFO: Dataset TTPLA_Test instantiated with {'restricted_labels': [1], 'img_size': [640, 360], 'data_distribution': {'mean': [0.4616, 0.4506, 0.4154], 'std': [0.2368, 0.2339, 0.2415]}, 'data_augmentation': True, 'blur_radius_range': [0.2, 2], 'brightness_factor_range': [0.9, 1.1], 'contrast_factor_range': [0.5, 2], 'rotation_angle_range': [-10, 10], 'sampling_ratio_range': [1, 1], 'sampling_max_nb_pixels': 3500000.0}
[2022-06-21 10:03:44,878] INFO: Found 2 classes, 10 train samples, 10 val samples
[2022-06-21 10:03:44,879] INFO: Dataloaders instantiated with batch_size=1 and n_worker=0
[2022-06-21 10:22:50,287] INFO: Trainer initialization: run directory is /media/hp/01D576CEBCC511F0/Pytorch/Power-Line-Segmentation/UNet++/models/ABC
[2022-06-21 10:22:50,294] INFO: Config /media/hp/01D576CEBCC511F0/Pytorch/Power-Line-Segmentation/UNet++/configs/test.yml copied to run directory.
[2022-06-21 10:22:50,377] INFO: Using cuda device, nb_device is 1
[2022-06-21 10:22:50,384] INFO: Dataset TTPLA_Test instantiated with {'restricted_labels': [1], 'img_size': [640, 360], 'data_distribution': {'mean': [0.4616, 0.4506, 0.4154], 'std': [0.2368, 0.2339, 0.2415]}, 'data_augmentation': True, 'blur_radius_range': [0.2, 2], 'brightness_factor_range': [0.9, 1.1], 'contrast_factor_range': [0.5, 2], 'rotation_angle_range': [-10, 10], 'sampling_ratio_range': [1, 1], 'sampling_max_nb_pixels': 3500000.0}
[2022-06-21 10:22:50,390] INFO: Found 2 classes, 10 train samples, 10 val samples
[2022-06-21 10:22:50,392] INFO: Dataloaders instantiated with batch_size=1 and n_worker=0
[2022-06-21 10:23:15,289] INFO: Using model resnet34-unet++ with kwargs {'norm_layer': {'name': 'batch_norm', 'momentum': 0.1, 'affine': True, 'track_running_stats': True, 'num_groups': 32}}
[2022-06-21 10:23:15,401] INFO: Number of trainable parameters: 26,611,268
[2022-06-21 10:23:15,405] INFO: Using optimizer adam with kwargs {'lr': 0.001, 'weight_decay': 1e-06}
[2022-06-21 10:23:15,408] INFO: Using scheduler multi_step with parameters {'gamma': 0.5, 'milestones': [30, 60, 80]}
[2022-06-21 10:23:15,424] INFO: Using loss CrossEntropyLoss() with class weight [1.2184e-09, 5.5866e-08]
[2022-06-21 10:23:22,332] INFO: Epoch [1/2], Iter [5/10]: train_loss = 0.6381, time/img = 0.5086s
[2022-06-21 10:23:28,205] INFO: Epoch [1/2], Iter [5/10]: val_loss = 0.6894
[2022-06-21 10:23:28,283] INFO: Val metrics: overall_acc = 0.9827, avg_acc = 0.5000, weighted_mean_iou = 0.9658, avg_iou = 0.4914, iou_class_0 = 0.9827, iou_class_1 = 0.0000
[2022-06-21 10:23:28,409] INFO: Validation loss decreased ( inf --->  0.689404). Saving model ...
[2022-06-21 10:23:48,259] INFO: Epoch [1/2], Iter [10/10]: train_loss = 0.5115, time/img = 0.4152s
[2022-06-21 10:23:53,810] INFO: Epoch [1/2], Iter [10/10]: val_loss = 0.6921
[2022-06-21 10:23:53,811] INFO: Val metrics: overall_acc = 0.9814, avg_acc = 0.5052, weighted_mean_iou = 0.9647, avg_iou = 0.4962, iou_class_0 = 0.9814, iou_class_1 = 0.0111
[2022-06-21 10:23:53,875] INFO: EarlyStopping counter: 1 out of 5
[2022-06-21 10:23:53,886] INFO: Epoch [1/2], Iter [1/10]: LR updated, lr = [0.001]
[2022-06-21 10:23:57,590] INFO: Epoch [2/2], Iter [5/10]: train_loss = 0.4879, time/img = 0.1804s
[2022-06-21 10:24:01,439] INFO: Epoch [2/2], Iter [5/10]: val_loss = 0.6851
[2022-06-21 10:24:01,441] INFO: Val metrics: overall_acc = 0.9420, avg_acc = 0.5382, weighted_mean_iou = 0.9262, avg_iou = 0.4882, iou_class_0 = 0.9419, iou_class_1 = 0.0345
[2022-06-21 10:24:01,443] INFO: Validation loss decreased ( 0.689404 --->  0.685119). Saving model ...
[2022-06-21 10:24:24,667] INFO: Epoch [2/2], Iter [10/10]: train_loss = 0.4394, time/img = 0.5276s
[2022-06-21 10:24:31,365] INFO: Epoch [2/2], Iter [10/10]: val_loss = 0.6619
[2022-06-21 10:24:31,386] INFO: Val metrics: overall_acc = 0.9417, avg_acc = 0.5353, weighted_mean_iou = 0.9259, avg_iou = 0.4872, iou_class_0 = 0.9416, iou_class_1 = 0.0328
[2022-06-21 10:24:31,420] INFO: Validation loss decreased ( 0.685119 --->  0.661885). Saving model ...
[2022-06-21 10:24:36,348] INFO: Training run is over !
[2022-06-21 11:01:01,766] INFO: Trainer initialization: run directory is /media/hp/01D576CEBCC511F0/Pytorch/Power-Line-Segmentation/UNet++/models/ABC
[2022-06-21 11:01:01,768] INFO: Config /media/hp/01D576CEBCC511F0/Pytorch/Power-Line-Segmentation/UNet++/configs/test.yml copied to run directory.
[2022-06-21 11:01:01,865] INFO: Using cuda device, nb_device is 1
[2022-06-21 11:01:01,881] INFO: Dataset TTPLA_Test instantiated with {'restricted_labels': [1], 'img_size': [640, 360], 'data_distribution': {'mean': [0.4616, 0.4506, 0.4154], 'std': [0.2368, 0.2339, 0.2415]}, 'data_augmentation': True, 'blur_radius_range': [0.2, 2], 'brightness_factor_range': [0.9, 1.1], 'contrast_factor_range': [0.5, 2], 'rotation_angle_range': [-10, 10], 'sampling_ratio_range': [1, 1], 'sampling_max_nb_pixels': 3500000.0}
[2022-06-21 11:01:01,882] INFO: Found 2 classes, 10 train samples, 10 val samples
[2022-06-21 11:01:01,885] INFO: Dataloaders instantiated with batch_size=1 and n_worker=0
[2022-06-21 11:01:22,973] INFO: Using model resnet34-unet++ with kwargs {'norm_layer': {'name': 'batch_norm', 'momentum': 0.1, 'affine': True, 'track_running_stats': True, 'num_groups': 32}, 'pretrained_encoder': True}
[2022-06-21 11:01:23,027] INFO: Number of trainable parameters: 26,611,268
[2022-06-21 11:01:23,031] INFO: Using optimizer adam with kwargs {'lr': 0.001, 'weight_decay': 1e-06}
[2022-06-21 11:01:23,053] INFO: Using scheduler multi_step with parameters {'gamma': 0.5, 'milestones': [30, 60, 80]}
[2022-06-21 11:01:23,077] INFO: Using loss CrossEntropyLoss() with class weight [1.2184e-09, 5.5866e-08]
[2022-06-21 11:01:29,453] INFO: Epoch [1/2], Iter [5/10]: train_loss = 0.7408, time/img = 0.5034s
[2022-06-21 11:01:35,444] INFO: Epoch [1/2], Iter [5/10]: val_loss = 0.5706
[2022-06-21 11:01:35,469] INFO: Val metrics: overall_acc = 0.9617, avg_acc = 0.6005, weighted_mean_iou = 0.9466, avg_iou = 0.5271, iou_class_0 = 0.9616, iou_class_1 = 0.0926
[2022-06-21 11:01:35,547] INFO: Validation loss decreased ( inf --->  0.570642). Saving model ...
[2022-06-21 11:01:53,399] INFO: Epoch [1/2], Iter [10/10]: train_loss = 0.5858, time/img = 0.2404s
[2022-06-21 11:01:59,256] INFO: Epoch [1/2], Iter [10/10]: val_loss = 0.6765
[2022-06-21 11:01:59,284] INFO: Val metrics: overall_acc = 0.9789, avg_acc = 0.5262, weighted_mean_iou = 0.9627, avg_iou = 0.5118, iou_class_0 = 0.9789, iou_class_1 = 0.0448
[2022-06-21 11:01:59,287] INFO: EarlyStopping counter: 1 out of 5
[2022-06-21 11:01:59,315] INFO: Epoch [1/2], Iter [1/10]: LR updated, lr = [0.001]
[2022-06-21 11:02:02,267] INFO: Epoch [2/2], Iter [5/10]: train_loss = 0.5063, time/img = 0.1779s
[2022-06-21 11:02:06,165] INFO: Epoch [2/2], Iter [5/10]: val_loss = 0.6545
[2022-06-21 11:02:06,173] INFO: Val metrics: overall_acc = 0.9723, avg_acc = 0.5739, weighted_mean_iou = 0.9570, avg_iou = 0.5317, iou_class_0 = 0.9722, iou_class_1 = 0.0913
[2022-06-21 11:02:06,190] INFO: EarlyStopping counter: 2 out of 5
[2022-06-21 11:02:09,334] INFO: Epoch [2/2], Iter [10/10]: train_loss = 0.4616, time/img = 0.1839s
[2022-06-21 11:02:13,514] INFO: Epoch [2/2], Iter [10/10]: val_loss = 0.6121
[2022-06-21 11:02:13,529] INFO: Val metrics: overall_acc = 0.9156, avg_acc = 0.7181, weighted_mean_iou = 0.9007, avg_iou = 0.5050, iou_class_0 = 0.9149, iou_class_1 = 0.0951
[2022-06-21 11:02:13,548] INFO: EarlyStopping counter: 3 out of 5
[2022-06-21 11:02:13,563] INFO: Training run is over !
[2022-06-21 15:38:40,398] INFO: Trainer initialization: run directory is /media/hp/01D576CEBCC511F0/Pytorch/Power-Line-Segmentation/UNet++/models/ABC
[2022-06-21 15:38:40,490] INFO: Config /media/hp/01D576CEBCC511F0/Pytorch/Power-Line-Segmentation/UNet++/configs/test.yml copied to run directory.
[2022-06-21 15:38:40,567] INFO: Using cuda device, nb_device is 1
[2022-06-21 15:38:40,576] INFO: Dataset TTPLA_Test instantiated with {'restricted_labels': [1], 'img_size': [640, 360], 'data_distribution': {'mean': [0.4616, 0.4506, 0.4154], 'std': [0.2368, 0.2339, 0.2415]}, 'data_augmentation': True, 'blur_radius_range': [0.2, 2], 'brightness_factor_range': [0.9, 1.1], 'contrast_factor_range': [0.5, 2], 'rotation_angle_range': [-10, 10], 'sampling_ratio_range': [1, 1], 'sampling_max_nb_pixels': 3500000.0}
[2022-06-21 15:38:40,576] INFO: Found 2 classes, 10 train samples, 10 val samples
[2022-06-21 15:38:40,577] INFO: Dataloaders instantiated with batch_size=1 and n_worker=0
[2022-06-21 15:39:07,879] INFO: Using model resnet34-unet++ with kwargs {'norm_layer': {'name': 'batch_norm', 'momentum': 0.1, 'affine': True, 'track_running_stats': True, 'num_groups': 32}, 'pretrained_encoder': True}
[2022-06-21 15:39:07,944] INFO: Number of trainable parameters: 26,611,268
[2022-06-21 15:39:07,965] INFO: Using optimizer adam with kwargs {'lr': 0.001, 'weight_decay': 1e-06}
[2022-06-21 15:39:07,984] INFO: Using scheduler multi_step with parameters {'gamma': 0.5, 'milestones': [30, 60, 80]}
[2022-06-21 15:39:08,027] INFO: Using loss CrossEntropyLoss() with class weight [1.2184e-09, 5.5866e-08]
[2022-06-21 15:39:15,470] INFO: Epoch [1/2], Iter [5/10]: train_loss = 0.6816, time/img = 0.6178s
[2022-06-21 15:39:23,661] INFO: Epoch [1/2], Iter [5/10]: val_loss = 0.6931
[2022-06-21 15:39:23,717] INFO: Val metrics: overall_acc = 0.9827, avg_acc = 0.5000, weighted_mean_iou = 0.9658, avg_iou = 0.4914, iou_class_0 = 0.9827, iou_class_1 = 0.0000
[2022-06-21 15:39:23,740] INFO: Validation loss decreased ( inf --->  0.693144). Saving model ...
[2022-06-21 15:39:49,335] INFO: Epoch [1/2], Iter [10/10]: train_loss = 0.5664, time/img = 0.5421s
[2022-06-21 15:39:57,144] INFO: Epoch [1/2], Iter [10/10]: val_loss = 0.6932
[2022-06-21 15:39:57,206] INFO: Val metrics: overall_acc = 0.9811, avg_acc = 0.4993, weighted_mean_iou = 0.9642, avg_iou = 0.4907, iou_class_0 = 0.9811, iou_class_1 = 0.0002
[2022-06-21 15:39:57,284] INFO: EarlyStopping counter: 1 out of 5
[2022-06-21 15:39:57,287] INFO: Epoch [1/2], Iter [1/10]: LR updated, lr = [0.001]
[2022-06-21 15:40:02,367] INFO: Epoch [2/2], Iter [5/10]: train_loss = 0.4990, time/img = 0.2492s
[2022-06-21 15:40:06,886] INFO: Epoch [2/2], Iter [5/10]: val_loss = 0.6942
[2022-06-21 15:40:06,887] INFO: Val metrics: overall_acc = 0.9359, avg_acc = 0.4978, weighted_mean_iou = 0.9199, avg_iou = 0.4738, iou_class_0 = 0.9358, iou_class_1 = 0.0117
[2022-06-21 15:40:06,889] INFO: EarlyStopping counter: 2 out of 5
[2022-06-21 15:40:11,266] INFO: Epoch [2/2], Iter [10/10]: train_loss = 0.4746, time/img = 0.2526s
[2022-06-21 15:40:15,707] INFO: Epoch [2/2], Iter [10/10]: val_loss = 0.6931
[2022-06-21 15:40:15,709] INFO: Val metrics: overall_acc = 0.7569, avg_acc = 0.5154, weighted_mean_iou = 0.7430, avg_iou = 0.3871, iou_class_0 = 0.7558, iou_class_1 = 0.0185
[2022-06-21 15:40:15,710] INFO: Validation loss decreased ( 0.693144 --->  0.693112). Saving model ...
[2022-06-21 15:40:39,872] INFO: Training run is over !
[2022-06-21 15:44:31,447] INFO: Trainer initialization: run directory is /media/hp/01D576CEBCC511F0/Pytorch/Power-Line-Segmentation/UNet++/models/ABC
[2022-06-21 15:44:31,479] INFO: Config /media/hp/01D576CEBCC511F0/Pytorch/Power-Line-Segmentation/UNet++/configs/test.yml copied to run directory.
[2022-06-21 15:44:31,556] INFO: Using cuda device, nb_device is 1
[2022-06-21 15:44:31,565] INFO: Dataset TTPLA_Test instantiated with {'restricted_labels': [1], 'img_size': [640, 360], 'data_distribution': {'mean': [0.4616, 0.4506, 0.4154], 'std': [0.2368, 0.2339, 0.2415]}, 'data_augmentation': True, 'blur_radius_range': [0.2, 2], 'brightness_factor_range': [0.9, 1.1], 'contrast_factor_range': [0.5, 2], 'rotation_angle_range': [-10, 10], 'sampling_ratio_range': [1, 1], 'sampling_max_nb_pixels': 3500000.0}
[2022-06-21 15:44:31,565] INFO: Found 2 classes, 10 train samples, 10 val samples
[2022-06-21 15:44:31,566] INFO: Dataloaders instantiated with batch_size=1 and n_worker=0
[2022-06-21 15:44:54,855] INFO: Using model resnet34-unet++ with kwargs {'norm_layer': {'name': 'batch_norm', 'momentum': 0.1, 'affine': True, 'track_running_stats': True, 'num_groups': 32}, 'pretrained_encoder': True}
[2022-06-21 15:44:54,912] INFO: Number of trainable parameters: 26,611,268
[2022-06-21 15:44:54,917] INFO: Using optimizer adam with kwargs {'lr': 0.001, 'weight_decay': 1e-06}
[2022-06-21 15:44:54,919] INFO: Using scheduler multi_step with parameters {'gamma': 0.5, 'milestones': [30, 60, 80]}
[2022-06-21 15:44:54,946] INFO: Using loss CrossEntropyLoss() with class weight [1.2184e-09, 5.5866e-08]
[2022-06-21 15:45:05,481] INFO: Epoch [1/2], Iter [5/10]: train_loss = 0.6803, time/img = 0.8688s
[2022-06-21 15:45:11,946] INFO: Epoch [1/2], Iter [5/10]: val_loss = 0.6931
[2022-06-21 15:45:11,969] INFO: Val metrics: overall_acc = 0.9827, avg_acc = 0.5000, weighted_mean_iou = 0.9658, avg_iou = 0.4914, iou_class_0 = 0.9827, iou_class_1 = 0.0000
[2022-06-21 15:45:12,000] INFO: Validation loss decreased ( inf --->  0.693119). Saving model ...
[2022-06-21 15:45:33,606] INFO: Epoch [1/2], Iter [10/10]: train_loss = 0.5375, time/img = 0.2240s
[2022-06-21 15:45:40,496] INFO: Epoch [1/2], Iter [10/10]: val_loss = 0.6858
[2022-06-21 15:45:40,497] INFO: Val metrics: overall_acc = 0.9691, avg_acc = 0.5251, weighted_mean_iou = 0.9529, avg_iou = 0.5021, iou_class_0 = 0.9690, iou_class_1 = 0.0352
[2022-06-21 15:45:40,530] INFO: Validation loss decreased ( 0.693119 --->  0.685809). Saving model ...
[2022-06-21 15:45:56,279] INFO: Epoch [1/2], Iter [1/10]: LR updated, lr = [0.001]
[2022-06-21 15:46:01,302] INFO: Epoch [2/2], Iter [5/10]: train_loss = 0.4973, time/img = 0.2347s
[2022-06-21 15:46:08,763] INFO: Epoch [2/2], Iter [5/10]: val_loss = 0.6031
[2022-06-21 15:46:08,767] INFO: Val metrics: overall_acc = 0.8782, avg_acc = 0.7458, weighted_mean_iou = 0.8632, avg_iou = 0.4782, iou_class_0 = 0.8770, iou_class_1 = 0.0794
[2022-06-21 15:46:08,773] INFO: Validation loss decreased ( 0.685809 --->  0.603121). Saving model ...
[2022-06-21 15:46:30,658] INFO: Epoch [2/2], Iter [10/10]: train_loss = 0.4318, time/img = 0.2275s
[2022-06-21 15:46:37,883] INFO: Epoch [2/2], Iter [10/10]: val_loss = 0.5403
[2022-06-21 15:46:37,893] INFO: Val metrics: overall_acc = 0.8101, avg_acc = 0.8308, weighted_mean_iou = 0.7946, avg_iou = 0.4396, iou_class_0 = 0.8072, iou_class_1 = 0.0719
[2022-06-21 15:46:37,895] INFO: Validation loss decreased ( 0.603121 --->  0.540335). Saving model ...
[2022-06-21 15:46:42,154] INFO: Training run is over !
[2022-06-21 15:53:08,870] INFO: Trainer initialization: run directory is /media/hp/01D576CEBCC511F0/Pytorch/Power-Line-Segmentation/UNet++/models/ABC
[2022-06-21 15:53:08,902] INFO: Config /media/hp/01D576CEBCC511F0/Pytorch/Power-Line-Segmentation/UNet++/configs/test.yml copied to run directory.
[2022-06-21 15:53:08,995] INFO: Using cuda device, nb_device is 1
[2022-06-21 15:53:09,004] INFO: Dataset TTPLA_Test instantiated with {'restricted_labels': [1], 'img_size': [640, 360], 'data_distribution': {'mean': [0.4616, 0.4506, 0.4154], 'std': [0.2368, 0.2339, 0.2415]}, 'data_augmentation': True, 'blur_radius_range': [0.2, 2], 'brightness_factor_range': [0.9, 1.1], 'contrast_factor_range': [0.5, 2], 'rotation_angle_range': [-10, 10], 'sampling_ratio_range': [1, 1], 'sampling_max_nb_pixels': 3500000.0}
[2022-06-21 15:53:09,004] INFO: Found 2 classes, 10 train samples, 10 val samples
[2022-06-21 15:53:09,005] INFO: Dataloaders instantiated with batch_size=1 and n_worker=0
[2022-06-21 15:53:28,447] INFO: Using model resnet34-unet++ with kwargs {'norm_layer': {'name': 'batch_norm', 'momentum': 0.1, 'affine': True, 'track_running_stats': True, 'num_groups': 32}, 'pretrained_encoder': True}
[2022-06-21 15:53:28,448] INFO: Number of trainable parameters: 26,611,268
[2022-06-21 15:53:28,458] INFO: Using optimizer adam with kwargs {'lr': 0.001, 'weight_decay': 1e-06}
[2022-06-21 15:53:28,459] INFO: Using scheduler multi_step with parameters {'gamma': 0.5, 'milestones': [30, 60, 80]}
[2022-06-21 15:53:28,517] INFO: Using loss CrossEntropyLoss() with class weight [1.2184e-09, 5.5866e-08]
[2022-06-21 15:53:35,255] INFO: Epoch [1/2], Iter [5/10]: train_loss = 0.6594, time/img = 0.4568s
[2022-06-21 15:53:40,650] INFO: Epoch [1/2], Iter [5/10]: val_loss = 0.6699
[2022-06-21 15:53:40,684] INFO: Val metrics: overall_acc = 0.9603, avg_acc = 0.6066, weighted_mean_iou = 0.9452, avg_iou = 0.5274, iou_class_0 = 0.9602, iou_class_1 = 0.0947
[2022-06-21 15:53:40,688] INFO: Validation loss decreased ( inf --->  0.669927). Saving model ...
[2022-06-21 15:53:50,931] INFO: Epoch [1/2], Iter [10/10]: train_loss = 0.5617, time/img = 0.2433s
[2022-06-21 15:53:56,315] INFO: Epoch [1/2], Iter [10/10]: val_loss = 0.6783
[2022-06-21 15:53:56,315] INFO: Val metrics: overall_acc = 0.9782, avg_acc = 0.5436, weighted_mean_iou = 0.9624, avg_iou = 0.5235, iou_class_0 = 0.9781, iou_class_1 = 0.0688
[2022-06-21 15:53:56,317] INFO: EarlyStopping counter: 1 out of 5
[2022-06-21 15:53:56,318] INFO: Epoch [1/2], Iter [1/10]: LR updated, lr = [0.001]
[2022-06-21 15:54:01,797] INFO: Epoch [2/2], Iter [5/10]: train_loss = 0.4386, time/img = 0.2441s
[2022-06-21 15:54:05,211] INFO: Epoch [2/2], Iter [5/10]: val_loss = 0.6521
[2022-06-21 15:54:05,212] INFO: Val metrics: overall_acc = 0.9491, avg_acc = 0.6130, weighted_mean_iou = 0.9339, avg_iou = 0.5156, iou_class_0 = 0.9489, iou_class_1 = 0.0824
[2022-06-21 15:54:05,214] INFO: Validation loss decreased ( 0.669927 --->  0.652096). Saving model ...
[2022-06-21 15:54:14,407] INFO: Epoch [2/2], Iter [10/10]: train_loss = 0.4911, time/img = 0.2398s
[2022-06-21 15:54:17,633] INFO: Epoch [2/2], Iter [10/10]: val_loss = 0.6359
[2022-06-21 15:54:17,634] INFO: Val metrics: overall_acc = 0.9531, avg_acc = 0.6390, weighted_mean_iou = 0.9382, avg_iou = 0.5282, iou_class_0 = 0.9529, iou_class_1 = 0.1036
[2022-06-21 15:54:17,637] INFO: Validation loss decreased ( 0.652096 --->  0.635933). Saving model ...
[2022-06-21 15:54:19,946] INFO: Training run is over !
[2022-06-22 11:30:31,688] INFO: Trainer initialization: run directory is /media/hp/01D576CEBCC511F0/Pytorch/Power-Line-Segmentation/UNet++/models/ABC
[2022-06-22 11:30:31,727] INFO: Config /media/hp/01D576CEBCC511F0/Pytorch/Power-Line-Segmentation/UNet++/configs/test.yml copied to run directory.
[2022-06-22 11:30:31,795] INFO: Using cuda device, nb_device is 1
[2022-06-22 11:30:31,803] INFO: Dataset TTPLA_Test instantiated with {'restricted_labels': [1], 'img_size': [640, 360], 'data_distribution': {'mean': [0.4616, 0.4506, 0.4154], 'std': [0.2368, 0.2339, 0.2415]}, 'data_augmentation': True, 'blur_radius_range': [0.2, 2], 'brightness_factor_range': [0.9, 1.1], 'contrast_factor_range': [0.5, 2], 'rotation_angle_range': [-10, 10], 'sampling_ratio_range': [1, 1], 'sampling_max_nb_pixels': 3500000.0}
[2022-06-22 11:30:31,803] INFO: Found 2 classes, 10 train samples, 10 val samples
[2022-06-22 11:30:31,804] INFO: Dataloaders instantiated with batch_size=1 and n_worker=0
[2022-06-22 11:30:52,569] INFO: Using model resnet34-unet++ with kwargs {'norm_layer': {'name': 'batch_norm', 'momentum': 0.1, 'affine': True, 'track_running_stats': True, 'num_groups': 32}, 'pretrained_encoder': True}
[2022-06-22 11:30:52,586] INFO: Number of trainable parameters: 26,611,268
[2022-06-22 11:30:52,589] INFO: Using optimizer adam with kwargs {'lr': 0.001, 'weight_decay': 1e-06}
[2022-06-22 11:30:52,591] INFO: Using scheduler multi_step with parameters {'gamma': 0.5, 'milestones': [30, 60, 80]}
[2022-06-22 11:30:52,603] INFO: Using loss CrossEntropyLoss() with class weight [1.2184e-09, 5.5866e-08]
[2022-06-22 11:31:00,892] INFO: Epoch [1/2], Iter [5/10]: train_loss = 0.7252, time/img = 0.4566s
[2022-06-22 11:31:06,508] INFO: Epoch [1/2], Iter [5/10]: val_loss = 0.6299
[2022-06-22 11:31:06,611] INFO: Val metrics: overall_acc = 0.9825, avg_acc = 0.5038, weighted_mean_iou = 0.9657, avg_iou = 0.4951, iou_class_0 = 0.9825, iou_class_1 = 0.0077
[2022-06-22 11:31:06,680] INFO: Validation loss decreased ( inf --->  0.629896). Saving model ...
[2022-06-22 11:31:17,549] INFO: Epoch [1/2], Iter [10/10]: train_loss = 0.4920, time/img = 0.3686s
[2022-06-22 11:31:24,191] INFO: Epoch [1/2], Iter [10/10]: val_loss = 0.6175
[2022-06-22 11:31:24,192] INFO: Val metrics: overall_acc = 0.9151, avg_acc = 0.7294, weighted_mean_iou = 0.9002, avg_iou = 0.5064, iou_class_0 = 0.9143, iou_class_1 = 0.0984
[2022-06-22 11:31:24,195] INFO: Validation loss decreased ( 0.629896 --->  0.617469). Saving model ...
[2022-06-22 11:31:26,826] INFO: Epoch [1/2], Iter [1/10]: LR updated, lr = [0.001]
[2022-06-22 11:31:33,384] INFO: Epoch [2/2], Iter [5/10]: train_loss = 0.4408, time/img = 0.2162s
[2022-06-22 11:31:39,258] INFO: Epoch [2/2], Iter [5/10]: val_loss = 0.6508
[2022-06-22 11:31:39,258] INFO: Val metrics: overall_acc = 0.7150, avg_acc = 0.7529, weighted_mean_iou = 0.6996, avg_iou = 0.3784, iou_class_0 = 0.7111, iou_class_1 = 0.0458
[2022-06-22 11:31:39,261] INFO: EarlyStopping counter: 1 out of 5
[2022-06-22 11:31:46,440] INFO: Epoch [2/2], Iter [10/10]: train_loss = 0.5017, time/img = 0.2324s
[2022-06-22 11:31:49,821] INFO: Epoch [2/2], Iter [10/10]: val_loss = 0.5897
[2022-06-22 11:31:49,822] INFO: Val metrics: overall_acc = 0.8616, avg_acc = 0.7985, weighted_mean_iou = 0.8464, avg_iou = 0.4718, iou_class_0 = 0.8598, iou_class_1 = 0.0838
[2022-06-22 11:31:49,824] INFO: Validation loss decreased ( 0.617469 --->  0.589691). Saving model ...
[2022-06-22 11:31:52,442] INFO: Training run is over !
[2022-06-22 11:42:08,250] INFO: Trainer initialization: run directory is /media/hp/01D576CEBCC511F0/Pytorch/Power-Line-Segmentation/UNet++/models/ABC
[2022-06-22 11:42:08,280] INFO: Config /media/hp/01D576CEBCC511F0/Pytorch/Power-Line-Segmentation/UNet++/configs/test.yml copied to run directory.
[2022-06-22 11:42:08,373] INFO: Using cuda device, nb_device is 1
[2022-06-22 11:42:08,382] INFO: Dataset TTPLA_Test instantiated with {'restricted_labels': [1], 'img_size': [640, 360], 'data_distribution': {'mean': [0.4616, 0.4506, 0.4154], 'std': [0.2368, 0.2339, 0.2415]}, 'data_augmentation': True, 'blur_radius_range': [0.2, 2], 'brightness_factor_range': [0.9, 1.1], 'contrast_factor_range': [0.5, 2], 'rotation_angle_range': [-10, 10], 'sampling_ratio_range': [1, 1], 'sampling_max_nb_pixels': 3500000.0}
[2022-06-22 11:42:08,382] INFO: Found 2 classes, 10 train samples, 10 val samples
[2022-06-22 11:42:08,383] INFO: Dataloaders instantiated with batch_size=1 and n_worker=0
[2022-06-22 11:42:29,118] INFO: Using model resnet34-unet++ with kwargs {'norm_layer': {'name': 'batch_norm', 'momentum': 0.1, 'affine': True, 'track_running_stats': True, 'num_groups': 32}, 'pretrained_encoder': True}
[2022-06-22 11:42:29,124] INFO: Number of trainable parameters: 26,611,268
[2022-06-22 11:42:29,125] INFO: Using optimizer adam with kwargs {'lr': 0.001, 'weight_decay': 1e-06}
[2022-06-22 11:42:29,125] INFO: Using scheduler multi_step with parameters {'gamma': 0.5, 'milestones': [30, 60, 80]}
[2022-06-22 11:42:29,151] INFO: Using loss CrossEntropyLoss() with class weight [1.2184e-09, 5.5866e-08]
[2022-06-22 11:42:37,685] INFO: Epoch [1/2], Iter [5/10]: train_loss = 0.6512, time/img = 0.4690s
[2022-06-22 11:42:43,469] INFO: Epoch [1/2], Iter [5/10]: val_loss = 0.7551
[2022-06-22 11:42:43,572] INFO: Val metrics: overall_acc = 0.9827, avg_acc = 0.5000, weighted_mean_iou = 0.9658, avg_iou = 0.4914, iou_class_0 = 0.9827, iou_class_1 = 0.0000
[2022-06-22 11:42:43,582] INFO: Validation loss decreased ( inf --->  0.755057). Saving model ...
[2022-06-22 11:42:53,852] INFO: Epoch [1/2], Iter [10/10]: train_loss = 0.5221, time/img = 0.2288s
[2022-06-22 11:42:59,819] INFO: Epoch [1/2], Iter [10/10]: val_loss = 0.7408
[2022-06-22 11:42:59,819] INFO: Val metrics: overall_acc = 0.9793, avg_acc = 0.5033, weighted_mean_iou = 0.9625, avg_iou = 0.4939, iou_class_0 = 0.9793, iou_class_1 = 0.0085
[2022-06-22 11:42:59,822] INFO: Validation loss decreased ( 0.755057 --->  0.740750). Saving model ...
[2022-06-22 11:43:02,554] INFO: Epoch [1/2], Iter [1/10]: LR updated, lr = [0.001]
[2022-06-22 11:43:10,135] INFO: Epoch [2/2], Iter [5/10]: train_loss = 0.5281, time/img = 0.2377s
[2022-06-22 11:43:15,929] INFO: Epoch [2/2], Iter [5/10]: val_loss = 0.7836
[2022-06-22 11:43:15,930] INFO: Val metrics: overall_acc = 0.8732, avg_acc = 0.6022, weighted_mean_iou = 0.8582, avg_iou = 0.4572, iou_class_0 = 0.8725, iou_class_1 = 0.0419
[2022-06-22 11:43:15,942] INFO: EarlyStopping counter: 1 out of 5
[2022-06-22 11:43:22,417] INFO: Epoch [2/2], Iter [10/10]: train_loss = 0.4897, time/img = 0.2366s
[2022-06-22 11:43:25,623] INFO: Epoch [2/2], Iter [10/10]: val_loss = 0.6713
[2022-06-22 11:43:25,624] INFO: Val metrics: overall_acc = 0.6208, avg_acc = 0.6751, weighted_mean_iou = 0.6059, avg_iou = 0.3241, iou_class_0 = 0.6160, iou_class_1 = 0.0322
[2022-06-22 11:43:25,626] INFO: Validation loss decreased ( 0.740750 --->  0.671347). Saving model ...
[2022-06-22 11:43:28,751] INFO: Training run is over !
[2022-06-22 11:56:04,485] INFO: Trainer initialization: run directory is /media/hp/01D576CEBCC511F0/Pytorch/Power-Line-Segmentation/UNet++/models/ABC
[2022-06-22 11:56:04,531] INFO: Config /media/hp/01D576CEBCC511F0/Pytorch/Power-Line-Segmentation/UNet++/configs/test.yml copied to run directory.
[2022-06-22 11:56:04,606] INFO: Using cuda device, nb_device is 1
[2022-06-22 11:56:04,616] INFO: Dataset TTPLA_Test instantiated with {'restricted_labels': [1], 'img_size': [640, 360], 'data_distribution': {'mean': [0.4616, 0.4506, 0.4154], 'std': [0.2368, 0.2339, 0.2415]}, 'data_augmentation': True, 'blur_radius_range': [0.2, 2], 'brightness_factor_range': [0.9, 1.1], 'contrast_factor_range': [0.5, 2], 'rotation_angle_range': [-10, 10], 'sampling_ratio_range': [1, 1], 'sampling_max_nb_pixels': 3500000.0}
[2022-06-22 11:56:04,637] INFO: Found 2 classes, 10 train samples, 10 val samples
[2022-06-22 11:56:04,642] INFO: Dataloaders instantiated with batch_size=1 and n_worker=0
[2022-06-22 11:57:06,296] INFO: Using model resnet34-unet++ with kwargs {'norm_layer': {'name': 'batch_norm', 'momentum': 0.1, 'affine': True, 'track_running_stats': True, 'num_groups': 32}, 'pretrained_encoder': True}
[2022-06-22 11:57:06,397] INFO: Number of trainable parameters: 26,611,268
[2022-06-22 11:57:06,406] INFO: Using optimizer adam with kwargs {'lr': 0.001, 'weight_decay': 1e-06}
[2022-06-22 11:57:06,408] INFO: Using scheduler multi_step with parameters {'gamma': 0.5, 'milestones': [30, 60, 80]}
[2022-06-22 11:57:06,640] INFO: Using loss CrossEntropyLoss() with class weight [1.2184e-09, 5.5866e-08]
[2022-06-22 11:57:24,184] INFO: Epoch [1/2], Iter [5/10]: train_loss = 0.6898, time/img = 1.1442s
[2022-06-22 11:57:31,144] INFO: Epoch [1/2], Iter [5/10]: val_loss = 0.6327
[2022-06-22 11:57:31,162] INFO: Val metrics: overall_acc = 0.9805, avg_acc = 0.5160, weighted_mean_iou = 0.9641, avg_iou = 0.5053, iou_class_0 = 0.9805, iou_class_1 = 0.0300
[2022-06-22 11:57:31,211] INFO: Validation loss decreased ( inf --->  0.632698). Saving model ...
[2022-06-22 11:57:54,443] INFO: Epoch [1/2], Iter [10/10]: train_loss = 0.5406, time/img = 0.2270s
[2022-06-22 11:58:00,447] INFO: Epoch [1/2], Iter [10/10]: val_loss = 0.6586
[2022-06-22 11:58:00,456] INFO: Val metrics: overall_acc = 0.9626, avg_acc = 0.5907, weighted_mean_iou = 0.9473, avg_iou = 0.5245, iou_class_0 = 0.9625, iou_class_1 = 0.0866
[2022-06-22 11:58:00,461] INFO: EarlyStopping counter: 1 out of 5
[2022-06-22 11:58:00,461] INFO: Epoch [1/2], Iter [1/10]: LR updated, lr = [0.001]
[2022-06-22 11:58:03,893] INFO: Epoch [2/2], Iter [5/10]: train_loss = 0.5118, time/img = 0.2354s
[2022-06-22 11:58:08,594] INFO: Epoch [2/2], Iter [5/10]: val_loss = 0.6089
[2022-06-22 11:58:08,603] INFO: Val metrics: overall_acc = 0.8860, avg_acc = 0.7617, weighted_mean_iou = 0.8710, avg_iou = 0.4861, iou_class_0 = 0.8848, iou_class_1 = 0.0875
[2022-06-22 11:58:08,609] INFO: Validation loss decreased ( 0.632698 --->  0.608869). Saving model ...
[2022-06-22 11:58:26,516] INFO: Epoch [2/2], Iter [10/10]: train_loss = 0.4664, time/img = 0.2306s
[2022-06-22 11:58:31,093] INFO: Epoch [2/2], Iter [10/10]: val_loss = 0.6166
[2022-06-22 11:58:31,094] INFO: Val metrics: overall_acc = 0.8478, avg_acc = 0.7473, weighted_mean_iou = 0.8327, avg_iou = 0.4571, iou_class_0 = 0.8461, iou_class_1 = 0.0680
[2022-06-22 11:58:31,096] INFO: EarlyStopping counter: 1 out of 5
[2022-06-22 11:58:31,124] INFO: Training run is over !
[2022-06-22 12:01:55,595] INFO: Trainer initialization: run directory is /media/hp/01D576CEBCC511F0/Pytorch/Power-Line-Segmentation/UNet++/models/ABC
[2022-06-22 12:01:55,700] INFO: Config /media/hp/01D576CEBCC511F0/Pytorch/Power-Line-Segmentation/UNet++/configs/test.yml copied to run directory.
[2022-06-22 12:01:55,761] INFO: Using cuda device, nb_device is 1
[2022-06-22 12:01:55,769] INFO: Dataset TTPLA_Test instantiated with {'restricted_labels': [1], 'img_size': [640, 360], 'data_distribution': {'mean': [0.4616, 0.4506, 0.4154], 'std': [0.2368, 0.2339, 0.2415]}, 'data_augmentation': True, 'blur_radius_range': [0.2, 2], 'brightness_factor_range': [0.9, 1.1], 'contrast_factor_range': [0.5, 2], 'rotation_angle_range': [-10, 10], 'sampling_ratio_range': [1, 1], 'sampling_max_nb_pixels': 3500000.0}
[2022-06-22 12:01:55,769] INFO: Found 2 classes, 10 train samples, 10 val samples
[2022-06-22 12:01:55,770] INFO: Dataloaders instantiated with batch_size=1 and n_worker=0
[2022-06-22 12:02:03,994] INFO: Using model resnet34-unet++ with kwargs {'norm_layer': {'name': 'batch_norm', 'momentum': 0.1, 'affine': True, 'track_running_stats': True, 'num_groups': 32}, 'pretrained_encoder': True}
[2022-06-22 12:02:03,995] INFO: Number of trainable parameters: 26,611,268
[2022-06-22 12:02:04,024] INFO: Using optimizer adam with kwargs {'lr': 0.001, 'weight_decay': 1e-06}
[2022-06-22 12:02:04,025] INFO: Using scheduler multi_step with parameters {'gamma': 0.5, 'milestones': [30, 60, 80]}
[2022-06-22 12:02:04,025] INFO: Using loss CrossEntropyLoss() with class weight [1.2184e-09, 5.5866e-08]
[2022-06-22 12:02:11,022] INFO: Epoch [1/2], Iter [5/10]: train_loss = 0.6499, time/img = 0.3457s
[2022-06-22 12:02:16,430] INFO: Epoch [1/2], Iter [5/10]: val_loss = 0.6917
[2022-06-22 12:02:16,430] INFO: Val metrics: overall_acc = 0.9826, avg_acc = 0.5028, weighted_mean_iou = 0.9658, avg_iou = 0.4942, iou_class_0 = 0.9826, iou_class_1 = 0.0057
[2022-06-22 12:02:16,512] INFO: Validation loss decreased ( inf --->  0.691685). Saving model ...
[2022-06-22 12:02:25,670] INFO: Epoch [1/2], Iter [10/10]: train_loss = 0.5610, time/img = 0.2303s
[2022-06-22 12:02:30,450] INFO: Epoch [1/2], Iter [10/10]: val_loss = 0.6926
[2022-06-22 12:02:30,451] INFO: Val metrics: overall_acc = 0.9825, avg_acc = 0.5017, weighted_mean_iou = 0.9656, avg_iou = 0.4931, iou_class_0 = 0.9825, iou_class_1 = 0.0036
[2022-06-22 12:02:30,454] INFO: EarlyStopping counter: 1 out of 5
[2022-06-22 12:02:30,455] INFO: Epoch [1/2], Iter [1/10]: LR updated, lr = [0.001]
[2022-06-22 12:04:25,428] INFO: Trainer initialization: run directory is /media/hp/01D576CEBCC511F0/Pytorch/Power-Line-Segmentation/UNet++/models/ABC
[2022-06-22 12:04:25,431] INFO: Config /media/hp/01D576CEBCC511F0/Pytorch/Power-Line-Segmentation/UNet++/configs/test.yml copied to run directory.
[2022-06-22 12:04:25,523] INFO: Using cuda device, nb_device is 1
[2022-06-22 12:04:25,531] INFO: Dataset TTPLA_Test instantiated with {'restricted_labels': [1], 'img_size': [640, 360], 'data_distribution': {'mean': [0.4616, 0.4506, 0.4154], 'std': [0.2368, 0.2339, 0.2415]}, 'data_augmentation': True, 'blur_radius_range': [0.2, 2], 'brightness_factor_range': [0.9, 1.1], 'contrast_factor_range': [0.5, 2], 'rotation_angle_range': [-10, 10], 'sampling_ratio_range': [1, 1], 'sampling_max_nb_pixels': 3500000.0}
[2022-06-22 12:04:25,531] INFO: Found 2 classes, 10 train samples, 10 val samples
[2022-06-22 12:04:25,532] INFO: Dataloaders instantiated with batch_size=1 and n_worker=0
[2022-06-22 12:04:40,436] INFO: Using model resnet34-unet++ with kwargs {'norm_layer': {'name': 'batch_norm', 'momentum': 0.1, 'affine': True, 'track_running_stats': True, 'num_groups': 32}, 'pretrained_encoder': True}
[2022-06-22 12:04:40,436] INFO: Number of trainable parameters: 26,611,268
[2022-06-22 12:04:40,437] INFO: Using optimizer adam with kwargs {'lr': 0.001, 'weight_decay': 1e-06}
[2022-06-22 12:04:40,438] INFO: Using scheduler multi_step with parameters {'gamma': 0.5, 'milestones': [30, 60, 80]}
[2022-06-22 12:04:40,438] INFO: Using loss CrossEntropyLoss() with class weight [1.2184e-09, 5.5866e-08]
[2022-06-22 12:04:40,438] INFO: Loading model from run TTPLA_Test
[2022-06-22 12:05:48,878] INFO: Trainer initialization: run directory is /media/hp/01D576CEBCC511F0/Pytorch/Power-Line-Segmentation/UNet++/models/ABC
[2022-06-22 12:05:48,882] INFO: Config /media/hp/01D576CEBCC511F0/Pytorch/Power-Line-Segmentation/UNet++/configs/test.yml copied to run directory.
[2022-06-22 12:05:48,955] INFO: Using cuda device, nb_device is 1
[2022-06-22 12:05:48,964] INFO: Dataset TTPLA_Test instantiated with {'restricted_labels': [1], 'img_size': [640, 360], 'data_distribution': {'mean': [0.4616, 0.4506, 0.4154], 'std': [0.2368, 0.2339, 0.2415]}, 'data_augmentation': True, 'blur_radius_range': [0.2, 2], 'brightness_factor_range': [0.9, 1.1], 'contrast_factor_range': [0.5, 2], 'rotation_angle_range': [-10, 10], 'sampling_ratio_range': [1, 1], 'sampling_max_nb_pixels': 3500000.0}
[2022-06-22 12:05:48,964] INFO: Found 2 classes, 10 train samples, 10 val samples
[2022-06-22 12:05:48,967] INFO: Dataloaders instantiated with batch_size=1 and n_worker=0
[2022-06-22 12:05:54,655] INFO: Using model resnet34-unet++ with kwargs {'norm_layer': {'name': 'batch_norm', 'momentum': 0.1, 'affine': True, 'track_running_stats': True, 'num_groups': 32}, 'pretrained_encoder': True}
[2022-06-22 12:05:54,675] INFO: Number of trainable parameters: 26,611,268
[2022-06-22 12:05:54,678] INFO: Using optimizer adam with kwargs {'lr': 0.001, 'weight_decay': 1e-06}
[2022-06-22 12:05:54,679] INFO: Using scheduler multi_step with parameters {'gamma': 0.5, 'milestones': [30, 60, 80]}
[2022-06-22 12:05:54,680] INFO: Using loss CrossEntropyLoss() with class weight [1.2184e-09, 5.5866e-08]
[2022-06-22 12:05:54,681] INFO: Loading model from run ABC
[2022-06-22 12:06:06,175] INFO: Checkpoint loaded at epoch 1, batch 6
[2022-06-22 12:06:16,386] INFO: Epoch [1/2], Iter [10/10]: train_loss = 0.5456, time/img = 0.5658s
[2022-06-22 12:06:21,218] INFO: Epoch [1/2], Iter [10/10]: val_loss = 0.6931
[2022-06-22 12:06:21,219] INFO: Val metrics: overall_acc = 0.9827, avg_acc = 0.5001, weighted_mean_iou = 0.9658, avg_iou = 0.4914, iou_class_0 = 0.9827, iou_class_1 = 0.0002
[2022-06-22 12:06:21,235] INFO: Validation loss decreased ( 0.691685 --->  0.693091). Saving model ...
[2022-06-22 12:06:30,829] INFO: Epoch [2/2], Iter [5/10]: train_loss = 0.4522, time/img = 0.2341s
[2022-06-22 12:06:36,563] INFO: Epoch [2/2], Iter [5/10]: val_loss = 0.6861
[2022-06-22 12:06:36,564] INFO: Val metrics: overall_acc = 0.9670, avg_acc = 0.5165, weighted_mean_iou = 0.9507, avg_iou = 0.4962, iou_class_0 = 0.9670, iou_class_1 = 0.0255
[2022-06-22 12:06:36,566] INFO: Validation loss decreased ( 0.693091 --->  0.686132). Saving model ...
[2022-06-22 12:06:45,242] INFO: Epoch [2/2], Iter [10/10]: train_loss = 0.4976, time/img = 0.2480s
[2022-06-22 12:06:48,570] INFO: Epoch [2/2], Iter [10/10]: val_loss = 0.6701
[2022-06-22 12:06:48,571] INFO: Val metrics: overall_acc = 0.9637, avg_acc = 0.5203, weighted_mean_iou = 0.9475, avg_iou = 0.4960, iou_class_0 = 0.9637, iou_class_1 = 0.0282
[2022-06-22 12:06:48,573] INFO: Validation loss decreased ( 0.686132 --->  0.670080). Saving model ...
[2022-06-22 12:06:50,666] INFO: Training run is over !
[2022-06-22 12:08:11,445] INFO: Trainer initialization: run directory is /media/hp/01D576CEBCC511F0/Pytorch/Power-Line-Segmentation/UNet++/models/ABC
[2022-06-22 12:08:11,447] INFO: Config /media/hp/01D576CEBCC511F0/Pytorch/Power-Line-Segmentation/UNet++/configs/test.yml copied to run directory.
[2022-06-22 12:08:11,541] INFO: Using cuda device, nb_device is 1
[2022-06-22 12:08:11,551] INFO: Dataset TTPLA_Test instantiated with {'restricted_labels': [1], 'img_size': [640, 360], 'data_distribution': {'mean': [0.4616, 0.4506, 0.4154], 'std': [0.2368, 0.2339, 0.2415]}, 'data_augmentation': True, 'blur_radius_range': [0.2, 2], 'brightness_factor_range': [0.9, 1.1], 'contrast_factor_range': [0.5, 2], 'rotation_angle_range': [-10, 10], 'sampling_ratio_range': [1, 1], 'sampling_max_nb_pixels': 3500000.0}
[2022-06-22 12:08:11,551] INFO: Found 2 classes, 10 train samples, 10 val samples
[2022-06-22 12:08:11,552] INFO: Dataloaders instantiated with batch_size=1 and n_worker=0
[2022-06-22 12:08:29,527] INFO: Using model resnet34-unet++ with kwargs {'norm_layer': {'name': 'batch_norm', 'momentum': 0.1, 'affine': True, 'track_running_stats': True, 'num_groups': 32}, 'pretrained_encoder': True}
[2022-06-22 12:08:29,527] INFO: Number of trainable parameters: 26,611,268
[2022-06-22 12:08:29,528] INFO: Using optimizer adam with kwargs {'lr': 0.001, 'weight_decay': 1e-06}
[2022-06-22 12:08:29,529] INFO: Using scheduler multi_step with parameters {'gamma': 0.5, 'milestones': [30, 60, 80]}
[2022-06-22 12:08:29,529] INFO: Using loss CrossEntropyLoss() with class weight [1.2184e-09, 5.5866e-08]
[2022-06-22 12:08:36,709] INFO: Epoch [1/2], Iter [5/10]: train_loss = 0.6715, time/img = 0.3678s
[2022-06-22 12:08:41,945] INFO: Epoch [1/2], Iter [5/10]: val_loss = 0.7483
[2022-06-22 12:08:41,946] INFO: Val metrics: overall_acc = 0.9197, avg_acc = 0.6533, weighted_mean_iou = 0.9046, avg_iou = 0.4971, iou_class_0 = 0.9192, iou_class_1 = 0.0751
[2022-06-22 12:08:41,955] INFO: Validation loss decreased ( inf --->  0.748334). Saving model ...
[2022-06-22 12:08:51,516] INFO: Epoch [1/2], Iter [10/10]: train_loss = 0.5503, time/img = 0.2259s
[2022-06-22 12:08:57,125] INFO: Epoch [1/2], Iter [10/10]: val_loss = 0.6466
[2022-06-22 12:08:57,125] INFO: Val metrics: overall_acc = 0.9118, avg_acc = 0.6720, weighted_mean_iou = 0.8968, avg_iou = 0.4939, iou_class_0 = 0.9112, iou_class_1 = 0.0766
[2022-06-22 12:08:57,128] INFO: Validation loss decreased ( 0.748334 --->  0.646641). Saving model ...
[2022-06-22 12:08:59,235] INFO: Epoch [1/2], Iter [1/10]: LR updated, lr = [0.001]
[2022-06-22 12:09:05,744] INFO: Epoch [2/2], Iter [5/10]: train_loss = 0.4724, time/img = 0.2370s
[2022-06-22 12:09:09,125] INFO: Epoch [2/2], Iter [5/10]: val_loss = 0.6272
[2022-06-22 12:09:09,125] INFO: Val metrics: overall_acc = 0.8922, avg_acc = 0.7094, weighted_mean_iou = 0.8771, avg_iou = 0.4840, iou_class_0 = 0.8912, iou_class_1 = 0.0769
[2022-06-22 12:09:09,127] INFO: Validation loss decreased ( 0.646641 --->  0.627230). Saving model ...
[2022-06-22 12:09:17,430] INFO: Epoch [2/2], Iter [10/10]: train_loss = 0.4748, time/img = 0.2366s
[2022-06-22 12:09:20,688] INFO: Epoch [2/2], Iter [10/10]: val_loss = 0.6335
[2022-06-22 12:09:20,689] INFO: Val metrics: overall_acc = 0.9524, avg_acc = 0.6322, weighted_mean_iou = 0.9374, avg_iou = 0.5252, iou_class_0 = 0.9521, iou_class_1 = 0.0983
[2022-06-22 12:09:20,691] INFO: EarlyStopping counter: 1 out of 5
[2022-06-22 12:09:20,691] INFO: Training run is over !
[2022-06-22 12:10:11,104] INFO: Trainer initialization: run directory is /media/hp/01D576CEBCC511F0/Pytorch/Power-Line-Segmentation/UNet++/models/ABC
[2022-06-22 12:10:11,107] INFO: Config /media/hp/01D576CEBCC511F0/Pytorch/Power-Line-Segmentation/UNet++/configs/test.yml copied to run directory.
[2022-06-22 12:10:11,192] INFO: Using cuda device, nb_device is 1
[2022-06-22 12:10:11,250] INFO: Dataset TTPLA_Test instantiated with {'restricted_labels': [1], 'img_size': [640, 360], 'data_distribution': {'mean': [0.4616, 0.4506, 0.4154], 'std': [0.2368, 0.2339, 0.2415]}, 'data_augmentation': True, 'blur_radius_range': [0.2, 2], 'brightness_factor_range': [0.9, 1.1], 'contrast_factor_range': [0.5, 2], 'rotation_angle_range': [-10, 10], 'sampling_ratio_range': [1, 1], 'sampling_max_nb_pixels': 3500000.0}
[2022-06-22 12:10:11,251] INFO: Found 2 classes, 10 train samples, 10 val samples
[2022-06-22 12:10:11,252] INFO: Dataloaders instantiated with batch_size=1 and n_worker=0
[2022-06-22 12:10:31,703] INFO: Using model resnet34-unet++ with kwargs {'norm_layer': {'name': 'batch_norm', 'momentum': 0.1, 'affine': True, 'track_running_stats': True, 'num_groups': 32}, 'pretrained_encoder': True}
[2022-06-22 12:10:31,708] INFO: Number of trainable parameters: 26,611,268
[2022-06-22 12:10:31,711] INFO: Using optimizer adam with kwargs {'lr': 0.001, 'weight_decay': 1e-06}
[2022-06-22 12:10:31,716] INFO: Using scheduler multi_step with parameters {'gamma': 0.5, 'milestones': [30, 60, 80]}
[2022-06-22 12:10:31,717] INFO: Using loss CrossEntropyLoss() with class weight [1.2184e-09, 5.5866e-08]
[2022-06-22 12:10:37,446] INFO: Epoch [1/4], Iter [5/10]: train_loss = 0.6233, time/img = 0.4325s
[2022-06-22 12:10:44,761] INFO: Epoch [1/4], Iter [5/10]: val_loss = 0.6558
[2022-06-22 12:10:44,766] INFO: Val metrics: overall_acc = 0.9523, avg_acc = 0.5975, weighted_mean_iou = 0.9370, avg_iou = 0.5145, iou_class_0 = 0.9521, iou_class_1 = 0.0768
[2022-06-22 12:10:44,788] INFO: Validation loss decreased ( inf --->  0.655810). Saving model ...
[2022-06-22 12:10:57,677] INFO: Epoch [1/4], Iter [10/10]: train_loss = 0.5700, time/img = 0.2463s
[2022-06-22 12:11:02,835] INFO: Epoch [1/4], Iter [10/10]: val_loss = 0.6543
[2022-06-22 12:11:02,836] INFO: Val metrics: overall_acc = 0.8405, avg_acc = 0.6585, weighted_mean_iou = 0.8255, avg_iou = 0.4438, iou_class_0 = 0.8391, iou_class_1 = 0.0484
[2022-06-22 12:11:02,838] INFO: Validation loss decreased ( 0.655810 --->  0.654346). Saving model ...
[2022-06-22 12:11:05,243] INFO: Epoch [1/4], Iter [1/10]: LR updated, lr = [0.001]
[2022-06-22 12:11:10,872] INFO: Epoch [2/4], Iter [5/10]: train_loss = 0.4792, time/img = 0.2406s
[2022-06-22 12:11:16,299] INFO: Epoch [2/4], Iter [5/10]: val_loss = 0.6911
[2022-06-22 12:11:16,299] INFO: Val metrics: overall_acc = 0.7447, avg_acc = 0.6777, weighted_mean_iou = 0.7298, avg_iou = 0.3907, iou_class_0 = 0.7420, iou_class_1 = 0.0395
[2022-06-22 12:11:16,302] INFO: EarlyStopping counter: 1 out of 5
[2022-06-22 12:11:24,125] INFO: Epoch [2/4], Iter [10/10]: train_loss = 0.4808, time/img = 0.2358s
[2022-06-22 12:21:57,499] INFO: Trainer initialization: run directory is /media/hp/01D576CEBCC511F0/Pytorch/Power-Line-Segmentation/UNet++/models/ABC
[2022-06-22 12:21:57,502] INFO: Config /media/hp/01D576CEBCC511F0/Pytorch/Power-Line-Segmentation/UNet++/configs/test.yml copied to run directory.
[2022-06-22 12:21:57,584] INFO: Using cuda device, nb_device is 1
[2022-06-22 12:21:57,593] INFO: Dataset TTPLA_Test instantiated with {'restricted_labels': [1], 'img_size': [640, 360], 'data_distribution': {'mean': [0.4616, 0.4506, 0.4154], 'std': [0.2368, 0.2339, 0.2415]}, 'data_augmentation': True, 'blur_radius_range': [0.2, 2], 'brightness_factor_range': [0.9, 1.1], 'contrast_factor_range': [0.5, 2], 'rotation_angle_range': [-10, 10], 'sampling_ratio_range': [1, 1], 'sampling_max_nb_pixels': 3500000.0}
[2022-06-22 12:21:57,593] INFO: Found 2 classes, 10 train samples, 10 val samples
[2022-06-22 12:21:57,594] INFO: Dataloaders instantiated with batch_size=1 and n_worker=0
[2022-06-22 12:22:07,007] INFO: Using model resnet34-unet++ with kwargs {'norm_layer': {'name': 'batch_norm', 'momentum': 0.1, 'affine': True, 'track_running_stats': True, 'num_groups': 32}, 'pretrained_encoder': True}
[2022-06-22 12:22:07,008] INFO: Number of trainable parameters: 26,611,268
[2022-06-22 12:22:07,009] INFO: Using optimizer adam with kwargs {'lr': 0.001, 'weight_decay': 1e-06}
[2022-06-22 12:22:07,010] INFO: Using scheduler multi_step with parameters {'gamma': 0.5, 'milestones': [30, 60, 80]}
[2022-06-22 12:22:07,010] INFO: Using loss CrossEntropyLoss() with class weight [1.2184e-09, 5.5866e-08]
[2022-06-22 12:22:07,010] INFO: Loading model from run ABC
[2022-06-22 12:22:17,349] INFO: Checkpoint loaded at epoch 1, batch 11
[2022-06-22 12:22:26,331] INFO: Epoch [2/4], Iter [5/10]: train_loss = 0.4879, time/img = 0.6031s
[2022-06-22 12:22:31,161] INFO: Epoch [2/4], Iter [5/10]: val_loss = 0.8867
[2022-06-22 12:22:31,162] INFO: Val metrics: overall_acc = 0.7380, avg_acc = 0.5769, weighted_mean_iou = 0.7239, avg_iou = 0.3812, iou_class_0 = 0.7362, iou_class_1 = 0.0263
[2022-06-22 12:22:31,165] INFO: EarlyStopping counter: 1 out of 5
[2022-06-22 12:22:33,342] INFO: Epoch [2/4], Iter [10/10]: train_loss = 0.4546, time/img = 0.1731s
[2022-06-22 12:22:36,330] INFO: Epoch [2/4], Iter [10/10]: val_loss = 1.8270
[2022-06-22 12:22:36,331] INFO: Val metrics: overall_acc = 0.4090, avg_acc = 0.6811, weighted_mean_iou = 0.3925, avg_iou = 0.2132, iou_class_0 = 0.3990, iou_class_1 = 0.0274
[2022-06-22 12:22:36,332] INFO: EarlyStopping counter: 2 out of 5
[2022-06-22 12:22:38,531] INFO: Epoch [3/4], Iter [5/10]: train_loss = 0.3790, time/img = 0.1727s
[2022-06-22 12:22:41,548] INFO: Epoch [3/4], Iter [5/10]: val_loss = 0.6483
[2022-06-22 12:22:41,548] INFO: Val metrics: overall_acc = 0.6089, avg_acc = 0.7781, weighted_mean_iou = 0.5927, avg_iou = 0.3214, iou_class_0 = 0.6024, iou_class_1 = 0.0404
[2022-06-22 12:22:41,550] INFO: Validation loss decreased ( 0.654346 --->  0.648265). Saving model ...
[2022-06-22 12:22:47,364] INFO: Epoch [3/4], Iter [10/10]: train_loss = 0.4776, time/img = 0.1730s
[2022-06-22 12:22:50,331] INFO: Epoch [3/4], Iter [10/10]: val_loss = 0.5233
[2022-06-22 12:22:50,332] INFO: Val metrics: overall_acc = 0.8172, avg_acc = 0.7891, weighted_mean_iou = 0.8018, avg_iou = 0.4409, iou_class_0 = 0.8148, iou_class_1 = 0.0670
[2022-06-22 12:22:50,334] INFO: Validation loss decreased ( 0.648265 --->  0.523300). Saving model ...
[2022-06-22 12:22:54,652] INFO: Epoch [4/4], Iter [5/10]: train_loss = 0.4327, time/img = 0.1745s
[2022-06-22 12:22:57,751] INFO: Epoch [4/4], Iter [5/10]: val_loss = 0.5175
[2022-06-22 12:22:57,752] INFO: Val metrics: overall_acc = 0.8333, avg_acc = 0.7723, weighted_mean_iou = 0.8181, avg_iou = 0.4498, iou_class_0 = 0.8313, iou_class_1 = 0.0684
[2022-06-22 12:22:58,058] INFO: Validation loss decreased ( 0.523300 --->  0.517514). Saving model ...
[2022-06-22 12:23:02,353] INFO: Epoch [4/4], Iter [10/10]: train_loss = 0.4235, time/img = 0.1757s
[2022-06-22 12:23:05,575] INFO: Epoch [4/4], Iter [10/10]: val_loss = 0.4936
[2022-06-22 12:23:05,575] INFO: Val metrics: overall_acc = 0.7131, avg_acc = 0.8275, weighted_mean_iou = 0.6970, avg_iou = 0.3811, iou_class_0 = 0.7083, iou_class_1 = 0.0539
[2022-06-22 12:23:05,577] INFO: Validation loss decreased ( 0.517514 --->  0.493590). Saving model ...
[2022-06-22 12:23:07,792] INFO: Training run is over !
